<?xml version="1.0" encoding="UTF-8"?>
<coverage generated="1747241583928" clover="3.2.0">
  <project timestamp="1747241583928" name="All files">
    <metrics statements="193" coveredstatements="141" conditionals="45" coveredconditionals="29" methods="61" coveredmethods="15" elements="299" coveredelements="185" complexity="0" loc="193" ncloc="193" packages="4" files="12" classes="12"/>
    <package name="model">
      <metrics statements="47" coveredstatements="26" conditionals="3" coveredconditionals="2" methods="22" coveredmethods="6"/>
      <file name="Requirement.ts" path="C:\Users\squeeze\Documents\Repos\osrs-tools\src\model\Requirement.ts">
        <metrics statements="47" coveredstatements="26" conditionals="3" coveredconditionals="2" methods="22" coveredmethods="6"/>
        <line num="9" count="0" type="stmt"/>
        <line num="12" count="0" type="stmt"/>
        <line num="15" count="0" type="stmt"/>
        <line num="16" count="0" type="stmt"/>
        <line num="17" count="0" type="stmt"/>
        <line num="21" count="0" type="stmt"/>
        <line num="26" count="0" type="stmt"/>
        <line num="31" count="7" type="cond" truecount="2" falsecount="0"/>
        <line num="32" count="7" type="stmt"/>
        <line num="33" count="7" type="stmt"/>
        <line num="34" count="7" type="stmt"/>
        <line num="35" count="7" type="stmt"/>
        <line num="36" count="7" type="stmt"/>
        <line num="37" count="7" type="stmt"/>
        <line num="38" count="7" type="stmt"/>
        <line num="43" count="0" type="stmt"/>
        <line num="47" count="0" type="stmt"/>
        <line num="50" count="0" type="stmt"/>
        <line num="55" count="0" type="stmt"/>
        <line num="61" count="194" type="stmt"/>
        <line num="65" count="194" type="stmt"/>
        <line num="69" count="0" type="stmt"/>
        <line num="74" count="0" type="stmt"/>
        <line num="80" count="427" type="stmt"/>
        <line num="84" count="427" type="stmt"/>
        <line num="88" count="0" type="stmt"/>
        <line num="93" count="0" type="stmt"/>
        <line num="99" count="169" type="stmt"/>
        <line num="103" count="169" type="stmt"/>
        <line num="107" count="0" type="stmt"/>
        <line num="112" count="0" type="stmt"/>
        <line num="118" count="7" type="stmt"/>
        <line num="122" count="7" type="stmt"/>
        <line num="126" count="0" type="stmt"/>
        <line num="131" count="0" type="stmt"/>
        <line num="137" count="7" type="stmt"/>
        <line num="141" count="7" type="stmt"/>
        <line num="145" count="0" type="stmt"/>
        <line num="150" count="0" type="stmt"/>
        <line num="155" count="7" type="stmt"/>
        <line num="164" count="7" type="stmt"/>
        <line num="165" count="7" type="stmt"/>
        <line num="166" count="7" type="stmt"/>
        <line num="167" count="7" type="stmt"/>
        <line num="168" count="7" type="stmt"/>
        <line num="171" count="7" type="stmt"/>
        <line num="172" count="7" type="stmt"/>
      </file>
    </package>
    <package name="model.slayer">
      <metrics statements="65" coveredstatements="38" conditionals="42" coveredconditionals="27" methods="26" coveredmethods="7"/>
      <file name="Assignment.ts" path="C:\Users\squeeze\Documents\Repos\osrs-tools\src\model\slayer\Assignment.ts">
        <metrics statements="8" coveredstatements="6" conditionals="8" coveredconditionals="6" methods="3" coveredmethods="1"/>
        <line num="7" count="1" type="stmt"/>
        <line num="21" count="1" type="stmt"/>
        <line num="22" count="1" type="stmt"/>
        <line num="23" count="1" type="stmt"/>
        <line num="24" count="1" type="cond" truecount="3" falsecount="1"/>
        <line num="25" count="1" type="cond" truecount="3" falsecount="1"/>
        <line num="31" count="0" type="stmt"/>
        <line num="38" count="0" type="stmt"/>
      </file>
      <file name="SlayerMaster.ts" path="C:\Users\squeeze\Documents\Repos\osrs-tools\src\model\slayer\SlayerMaster.ts">
        <metrics statements="34" coveredstatements="18" conditionals="11" coveredconditionals="3" methods="13" coveredmethods="5"/>
        <line num="15" count="54" type="stmt"/>
        <line num="16" count="54" type="stmt"/>
        <line num="18" count="54" type="stmt"/>
        <line num="32" count="54" type="stmt"/>
        <line num="33" count="54" type="stmt"/>
        <line num="34" count="54" type="stmt"/>
        <line num="35" count="534" type="cond" truecount="1" falsecount="1"/>
        <line num="37" count="54" type="stmt"/>
        <line num="38" count="54" type="stmt"/>
        <line num="39" count="54" type="stmt"/>
        <line num="40" count="54" type="stmt"/>
        <line num="41" count="54" type="stmt"/>
        <line num="42" count="54" type="stmt"/>
        <line num="50" count="54" type="cond" truecount="1" falsecount="0"/>
        <line num="51" count="30" type="stmt"/>
        <line num="52" count="534" type="cond" truecount="1" falsecount="1"/>
        <line num="54" count="0" type="stmt"/>
        <line num="63" count="0" type="cond" truecount="0" falsecount="2"/>
        <line num="70" count="0" type="stmt"/>
        <line num="77" count="0" type="stmt"/>
        <line num="84" count="0" type="stmt"/>
        <line num="93" count="0" type="cond" truecount="0" falsecount="1"/>
        <line num="95" count="0" type="stmt"/>
        <line num="96" count="0" type="stmt"/>
        <line num="98" count="0" type="stmt"/>
        <line num="99" count="0" type="cond" truecount="0" falsecount="2"/>
        <line num="100" count="0" type="cond" truecount="0" falsecount="1"/>
        <line num="101" count="0" type="stmt"/>
        <line num="105" count="0" type="stmt"/>
        <line num="112" count="0" type="stmt"/>
        <line num="119" count="0" type="stmt"/>
        <line num="126" count="3" type="stmt"/>
        <line num="133" count="0" type="stmt"/>
        <line num="137" count="6" type="stmt"/>
      </file>
      <file name="Task.ts" path="C:\Users\squeeze\Documents\Repos\osrs-tools\src\model\slayer\Task.ts">
        <metrics statements="23" coveredstatements="14" conditionals="23" coveredconditionals="18" methods="10" coveredmethods="1"/>
        <line num="55" count="535" type="stmt"/>
        <line num="56" count="535" type="stmt"/>
        <line num="57" count="535" type="stmt"/>
        <line num="58" count="535" type="stmt"/>
        <line num="59" count="535" type="stmt"/>
        <line num="60" count="535" type="cond" truecount="4" falsecount="0"/>
        <line num="61" count="535" type="cond" truecount="4" falsecount="0"/>
        <line num="62" count="535" type="cond" truecount="3" falsecount="1"/>
        <line num="63" count="535" type="stmt"/>
        <line num="64" count="535" type="stmt"/>
        <line num="65" count="535" type="stmt"/>
        <line num="66" count="535" type="stmt"/>
        <line num="67" count="535" type="stmt"/>
        <line num="71" count="0" type="stmt"/>
        <line num="96" count="0" type="stmt"/>
        <line num="104" count="0" type="stmt"/>
        <line num="113" count="0" type="stmt"/>
        <line num="121" count="0" type="stmt"/>
        <line num="128" count="0" type="stmt"/>
        <line num="136" count="0" type="cond" truecount="0" falsecount="2"/>
        <line num="148" count="0" type="stmt"/>
        <line num="164" count="0" type="stmt"/>
        <line num="168" count="7" type="stmt"/>
      </file>
    </package>
    <package name="resources.slayer">
      <metrics statements="64" coveredstatements="60" conditionals="0" coveredconditionals="0" methods="13" coveredmethods="2"/>
      <file name="Masters.ts" path="C:\Users\squeeze\Documents\Repos\osrs-tools\src\resources\slayer\Masters.ts">
        <metrics statements="15" coveredstatements="15" conditionals="0" coveredconditionals="0" methods="0" coveredmethods="0"/>
        <line num="1" count="6" type="stmt"/>
        <line num="2" count="6" type="stmt"/>
        <line num="3" count="6" type="stmt"/>
        <line num="4" count="6" type="stmt"/>
        <line num="5" count="6" type="stmt"/>
        <line num="6" count="6" type="stmt"/>
        <line num="13" count="6" type="stmt"/>
        <line num="31" count="6" type="stmt"/>
        <line num="49" count="6" type="stmt"/>
        <line num="67" count="6" type="stmt"/>
        <line num="85" count="6" type="stmt"/>
        <line num="103" count="6" type="stmt"/>
        <line num="121" count="6" type="stmt"/>
        <line num="146" count="6" type="stmt"/>
        <line num="164" count="6" type="stmt"/>
      </file>
      <file name="SlayerData.ts" path="C:\Users\squeeze\Documents\Repos\osrs-tools\src\resources\slayer\SlayerData.ts">
        <metrics statements="17" coveredstatements="13" conditionals="0" coveredconditionals="0" methods="12" coveredmethods="1"/>
        <line num="3" count="1" type="stmt"/>
        <line num="17" count="1" type="stmt"/>
        <line num="29" count="1" type="stmt"/>
        <line num="30" count="0" type="stmt"/>
        <line num="33" count="1" type="stmt"/>
        <line num="37" count="0" type="stmt"/>
        <line num="41" count="0" type="stmt"/>
        <line num="45" count="0" type="stmt"/>
        <line num="50" count="1" type="stmt"/>
        <line num="52" count="1" type="stmt"/>
        <line num="53" count="1" type="stmt"/>
        <line num="54" count="1" type="stmt"/>
        <line num="55" count="1" type="stmt"/>
        <line num="56" count="1" type="stmt"/>
        <line num="57" count="6" type="stmt"/>
        <line num="58" count="1" type="stmt"/>
        <line num="59" count="1" type="stmt"/>
      </file>
      <file name="SlayerUnlock.ts" path="C:\Users\squeeze\Documents\Repos\osrs-tools\src\resources\slayer\SlayerUnlock.ts">
        <metrics statements="32" coveredstatements="32" conditionals="0" coveredconditionals="0" methods="1" coveredmethods="1"/>
        <line num="1" count="1" type="stmt"/>
        <line num="7" count="28" type="stmt"/>
        <line num="8" count="28" type="stmt"/>
        <line num="9" count="28" type="stmt"/>
        <line num="13" count="1" type="stmt"/>
        <line num="18" count="1" type="stmt"/>
        <line num="23" count="1" type="stmt"/>
        <line num="28" count="1" type="stmt"/>
        <line num="33" count="1" type="stmt"/>
        <line num="38" count="1" type="stmt"/>
        <line num="44" count="1" type="stmt"/>
        <line num="49" count="1" type="stmt"/>
        <line num="54" count="1" type="stmt"/>
        <line num="59" count="1" type="stmt"/>
        <line num="64" count="1" type="stmt"/>
        <line num="70" count="1" type="stmt"/>
        <line num="76" count="1" type="stmt"/>
        <line num="82" count="1" type="stmt"/>
        <line num="88" count="1" type="stmt"/>
        <line num="94" count="1" type="stmt"/>
        <line num="100" count="1" type="stmt"/>
        <line num="106" count="1" type="stmt"/>
        <line num="112" count="1" type="stmt"/>
        <line num="118" count="1" type="stmt"/>
        <line num="124" count="1" type="stmt"/>
        <line num="130" count="1" type="stmt"/>
        <line num="136" count="1" type="stmt"/>
        <line num="142" count="1" type="stmt"/>
        <line num="148" count="1" type="stmt"/>
        <line num="154" count="1" type="stmt"/>
        <line num="160" count="1" type="stmt"/>
        <line num="166" count="1" type="stmt"/>
      </file>
    </package>
    <package name="resources.slayer.tasks">
      <metrics statements="17" coveredstatements="17" conditionals="0" coveredconditionals="0" methods="0" coveredmethods="0"/>
      <file name="DuradelTasks.ts" path="C:\Users\squeeze\Documents\Repos\osrs-tools\src\resources\slayer\tasks\DuradelTasks.ts">
        <metrics statements="2" coveredstatements="2" conditionals="0" coveredconditionals="0" methods="0" coveredmethods="0"/>
        <line num="5" count="6" type="stmt"/>
        <line num="7" count="6" type="stmt"/>
      </file>
      <file name="NieveTasks.ts" path="C:\Users\squeeze\Documents\Repos\osrs-tools\src\resources\slayer\tasks\NieveTasks.ts">
        <metrics statements="4" coveredstatements="4" conditionals="0" coveredconditionals="0" methods="0" coveredmethods="0"/>
        <line num="1" count="6" type="stmt"/>
        <line num="8" count="6" type="stmt"/>
        <line num="10" count="6" type="stmt"/>
        <line num="236" count="6" type="stmt"/>
      </file>
      <file name="SpriaTasks.ts" path="C:\Users\squeeze\Documents\Repos\osrs-tools\src\resources\slayer\tasks\SpriaTasks.ts">
        <metrics statements="3" coveredstatements="3" conditionals="0" coveredconditionals="0" methods="0" coveredmethods="0"/>
        <line num="1" count="6" type="stmt"/>
        <line num="6" count="6" type="stmt"/>
        <line num="8" count="6" type="stmt"/>
      </file>
      <file name="Tureal.ts" path="C:\Users\squeeze\Documents\Repos\osrs-tools\src\resources\slayer\tasks\Tureal.ts">
        <metrics statements="4" coveredstatements="4" conditionals="0" coveredconditionals="0" methods="0" coveredmethods="0"/>
        <line num="1" count="6" type="stmt"/>
        <line num="5" count="6" type="stmt"/>
        <line num="7" count="6" type="stmt"/>
        <line num="415" count="6" type="stmt"/>
      </file>
      <file name="VannakaTasks.ts" path="C:\Users\squeeze\Documents\Repos\osrs-tools\src\resources\slayer\tasks\VannakaTasks.ts">
        <metrics statements="4" coveredstatements="4" conditionals="0" coveredconditionals="0" methods="0" coveredmethods="0"/>
        <line num="1" count="6" type="stmt"/>
        <line num="8" count="6" type="stmt"/>
        <line num="10" count="6" type="stmt"/>
        <line num="236" count="6" type="stmt"/>
      </file>
    </package>
  </project>
</coverage>
