{"C:\\Users\\James\\Documents\\Repos\\osrs-tools\\src\\model\\quest\\Quest.ts": {"path":"C:\\Users\\James\\Documents\\Repos\\osrs-tools\\src\\model\\quest\\Quest.ts","statementMap":{"0":{"start":{"line":44,"column":8},"end":{"line":44,"column":25}},"1":{"start":{"line":45,"column":8},"end":{"line":45,"column":35}},"2":{"start":{"line":46,"column":8},"end":{"line":46,"column":35}},"3":{"start":{"line":47,"column":8},"end":{"line":47,"column":23}},"4":{"start":{"line":48,"column":8},"end":{"line":48,"column":31}},"5":{"start":{"line":49,"column":8},"end":{"line":49,"column":37}},"6":{"start":{"line":50,"column":8},"end":{"line":50,"column":39}},"7":{"start":{"line":51,"column":8},"end":{"line":51,"column":29}},"8":{"start":{"line":52,"column":8},"end":{"line":52,"column":35}},"9":{"start":{"line":53,"column":8},"end":{"line":53,"column":31}},"10":{"start":{"line":54,"column":8},"end":{"line":54,"column":41}},"11":{"start":{"line":62,"column":8},"end":{"line":62,"column":25}},"12":{"start":{"line":66,"column":8},"end":{"line":66,"column":25}}},"fnMap":{"0":{"name":"(anonymous_0)","decl":{"start":{"line":31,"column":4},"end":{"line":31,"column":5}},"loc":{"start":{"line":43,"column":6},"end":{"line":55,"column":5}},"line":43},"1":{"name":"(anonymous_1)","decl":{"start":{"line":61,"column":4},"end":{"line":61,"column":5}},"loc":{"start":{"line":61,"column":23},"end":{"line":63,"column":5}},"line":61},"2":{"name":"(anonymous_2)","decl":{"start":{"line":65,"column":4},"end":{"line":65,"column":5}},"loc":{"start":{"line":65,"column":21},"end":{"line":67,"column":5}},"line":65}},"branchMap":{},"s":{"0":1,"1":1,"2":1,"3":1,"4":1,"5":1,"6":1,"7":1,"8":1,"9":1,"10":1,"11":0,"12":1},"f":{"0":1,"1":0,"2":1},"b":{},"_coverageSchema":"1a1c01bbd47fc00a2c39e90264f33305004495a9","hash":"96a48ab44c78e25b6322a2a6fc64592c9cf1166c"}
}
