TN:
SF:src\model\Requirement.ts
FN:14,(anonymous_0)
FN:20,(anonymous_1)
FN:24,(anonymous_2)
FN:31,(anonymous_3)
FN:46,(anonymous_4)
FN:49,(anonymous_5)
FN:53,(anonymous_6)
FN:64,(anonymous_7)
FN:68,(anonymous_8)
FN:72,(anonymous_9)
FN:83,(anonymous_10)
FN:87,(anonymous_11)
FN:91,(anonymous_12)
FN:102,(anonymous_13)
FN:106,(anonymous_14)
FN:110,(anonymous_15)
FN:121,(anonymous_16)
FN:125,(anonymous_17)
FN:129,(anonymous_18)
FN:140,(anonymous_19)
FN:144,(anonymous_20)
FN:148,(anonymous_21)
FNF:22
FNH:6
FNDA:0,(anonymous_0)
FNDA:0,(anonymous_1)
FNDA:0,(anonymous_2)
FNDA:7,(anonymous_3)
FNDA:0,(anonymous_4)
FNDA:0,(anonymous_5)
FNDA:0,(anonymous_6)
FNDA:194,(anonymous_7)
FNDA:0,(anonymous_8)
FNDA:0,(anonymous_9)
FNDA:427,(anonymous_10)
FNDA:0,(anonymous_11)
FNDA:0,(anonymous_12)
FNDA:169,(anonymous_13)
FNDA:0,(anonymous_14)
FNDA:0,(anonymous_15)
FNDA:7,(anonymous_16)
FNDA:0,(anonymous_17)
FNDA:0,(anonymous_18)
FNDA:7,(anonymous_19)
FNDA:0,(anonymous_20)
FNDA:0,(anonymous_21)
DA:9,0
DA:12,0
DA:15,0
DA:16,0
DA:17,0
DA:21,0
DA:26,0
DA:31,7
DA:32,7
DA:33,7
DA:34,7
DA:35,7
DA:36,7
DA:37,7
DA:38,7
DA:43,0
DA:47,0
DA:50,0
DA:55,0
DA:61,194
DA:65,194
DA:69,0
DA:74,0
DA:80,427
DA:84,427
DA:88,0
DA:93,0
DA:99,169
DA:103,169
DA:107,0
DA:112,0
DA:118,7
DA:122,7
DA:126,0
DA:131,0
DA:137,7
DA:141,7
DA:145,0
DA:150,0
DA:155,7
DA:164,7
DA:165,7
DA:166,7
DA:167,7
DA:168,7
DA:171,7
DA:172,7
LF:47
LH:26
BRDA:14,0,0,0
BRDA:31,1,0,7
BRDA:31,1,1,7
BRF:3
BRH:2
end_of_record
TN:
SF:src\model\slayer\Assignment.ts
FN:14,(anonymous_0)
FN:30,(anonymous_1)
FN:37,(anonymous_2)
FNF:3
FNH:1
FNDA:1,(anonymous_0)
FNDA:0,(anonymous_1)
FNDA:0,(anonymous_2)
DA:7,1
DA:21,1
DA:22,1
DA:23,1
DA:24,1
DA:25,1
DA:31,0
DA:38,0
LF:8
LH:6
BRDA:24,0,0,1
BRDA:24,0,1,0
BRDA:24,1,0,1
BRDA:24,1,1,1
BRDA:25,2,0,1
BRDA:25,2,1,0
BRDA:25,3,0,1
BRDA:25,3,1,1
BRF:8
BRH:6
end_of_record
TN:
SF:src\model\slayer\SlayerMaster.ts
FN:23,(anonymous_0)
FN:34,(anonymous_1)
FN:49,(anonymous_2)
FN:51,(anonymous_3)
FN:62,(anonymous_4)
FN:69,(anonymous_5)
FN:76,(anonymous_6)
FN:83,(anonymous_7)
FN:92,(anonymous_8)
FN:111,(anonymous_9)
FN:118,(anonymous_10)
FN:125,(anonymous_11)
FN:132,(anonymous_12)
FNF:13
FNH:5
FNDA:54,(anonymous_0)
FNDA:534,(anonymous_1)
FNDA:54,(anonymous_2)
FNDA:534,(anonymous_3)
FNDA:0,(anonymous_4)
FNDA:0,(anonymous_5)
FNDA:0,(anonymous_6)
FNDA:0,(anonymous_7)
FNDA:0,(anonymous_8)
FNDA:0,(anonymous_9)
FNDA:0,(anonymous_10)
FNDA:3,(anonymous_11)
FNDA:0,(anonymous_12)
DA:15,54
DA:16,54
DA:18,54
DA:32,54
DA:33,54
DA:34,54
DA:35,534
DA:37,54
DA:38,54
DA:39,54
DA:40,54
DA:41,54
DA:42,54
DA:50,54
DA:51,30
DA:52,534
DA:54,0
DA:63,0
DA:70,0
DA:77,0
DA:84,0
DA:93,0
DA:95,0
DA:96,0
DA:98,0
DA:99,0
DA:100,0
DA:101,0
DA:105,0
DA:112,0
DA:119,0
DA:126,3
DA:133,0
DA:137,6
LF:34
LH:18
BRDA:35,0,0,534
BRDA:35,0,1,0
BRDA:50,1,0,24
BRDA:52,2,0,534
BRDA:52,2,1,0
BRDA:63,3,0,0
BRDA:63,3,1,0
BRDA:93,4,0,0
BRDA:99,5,0,0
BRDA:99,5,1,0
BRDA:100,6,0,0
BRF:11
BRH:3
end_of_record
TN:
SF:src\model\slayer\Task.ts
FN:40,(anonymous_0)
FN:70,(anonymous_1)
FN:95,(anonymous_2)
FN:103,(anonymous_3)
FN:112,(anonymous_4)
FN:120,(anonymous_5)
FN:127,(anonymous_6)
FN:135,(anonymous_7)
FN:147,(anonymous_8)
FN:163,(anonymous_9)
FNF:10
FNH:1
FNDA:535,(anonymous_0)
FNDA:0,(anonymous_1)
FNDA:0,(anonymous_2)
FNDA:0,(anonymous_3)
FNDA:0,(anonymous_4)
FNDA:0,(anonymous_5)
FNDA:0,(anonymous_6)
FNDA:0,(anonymous_7)
FNDA:0,(anonymous_8)
FNDA:0,(anonymous_9)
DA:55,535
DA:56,535
DA:57,535
DA:58,535
DA:59,535
DA:60,535
DA:61,535
DA:62,535
DA:63,535
DA:64,535
DA:65,535
DA:66,535
DA:67,535
DA:71,0
DA:96,0
DA:104,0
DA:113,0
DA:121,0
DA:128,0
DA:136,0
DA:148,0
DA:164,0
DA:168,7
LF:23
LH:14
BRDA:47,0,0,1
BRDA:48,1,0,1
BRDA:49,2,0,391
BRDA:50,3,0,391
BRDA:51,4,0,391
BRDA:52,5,0,535
BRDA:53,6,0,535
BRDA:60,7,0,85
BRDA:60,7,1,450
BRDA:60,8,0,535
BRDA:60,8,1,85
BRDA:61,9,0,85
BRDA:61,9,1,450
BRDA:61,10,0,535
BRDA:61,10,1,85
BRDA:62,11,0,535
BRDA:62,11,1,0
BRDA:62,12,0,535
BRDA:62,12,1,535
BRDA:136,13,0,0
BRDA:136,13,1,0
BRDA:137,14,0,0
BRDA:137,14,1,0
BRF:23
BRH:18
end_of_record
TN:
SF:src\resources\slayer\Masters.ts
FNF:0
FNH:0
DA:1,6
DA:2,6
DA:3,6
DA:4,6
DA:5,6
DA:6,6
DA:13,6
DA:31,6
DA:49,6
DA:67,6
DA:85,6
DA:103,6
DA:121,6
DA:146,6
DA:164,6
LF:15
LH:15
BRF:0
BRH:0
end_of_record
TN:
SF:src\resources\slayer\SlayerData.ts
FN:52,(anonymous_0)
FN:53,(anonymous_1)
FN:54,(anonymous_2)
FN:55,(anonymous_3)
FN:56,(anonymous_4)
FN:57,(anonymous_5)
FN:58,(anonymous_6)
FN:59,(anonymous_7)
FN:29,getSlayerMasterByName
FN:36,(anonymous_9)
FN:40,(anonymous_10)
FN:44,(anonymous_11)
FNF:12
FNH:1
FNDA:0,(anonymous_0)
FNDA:0,(anonymous_1)
FNDA:0,(anonymous_2)
FNDA:0,(anonymous_3)
FNDA:0,(anonymous_4)
FNDA:5,(anonymous_5)
FNDA:0,(anonymous_6)
FNDA:0,(anonymous_7)
FNDA:0,getSlayerMasterByName
FNDA:0,(anonymous_9)
FNDA:0,(anonymous_10)
FNDA:0,(anonymous_11)
DA:3,1
DA:17,1
DA:29,1
DA:30,0
DA:33,1
DA:37,0
DA:41,0
DA:45,0
DA:50,1
DA:52,1
DA:53,1
DA:54,1
DA:55,1
DA:56,1
DA:57,6
DA:58,1
DA:59,1
LF:17
LH:13
BRF:0
BRH:0
end_of_record
TN:
SF:src\resources\slayer\SlayerUnlock.ts
FN:6,(anonymous_0)
FNF:1
FNH:1
FNDA:28,(anonymous_0)
DA:1,1
DA:7,28
DA:8,28
DA:9,28
DA:13,1
DA:18,1
DA:23,1
DA:28,1
DA:33,1
DA:38,1
DA:44,1
DA:49,1
DA:54,1
DA:59,1
DA:64,1
DA:70,1
DA:76,1
DA:82,1
DA:88,1
DA:94,1
DA:100,1
DA:106,1
DA:112,1
DA:118,1
DA:124,1
DA:130,1
DA:136,1
DA:142,1
DA:148,1
DA:154,1
DA:160,1
DA:166,1
LF:32
LH:32
BRF:0
BRH:0
end_of_record
TN:
SF:src\resources\slayer\tasks\DuradelTasks.ts
FNF:0
FNH:0
DA:5,6
DA:7,6
LF:2
LH:2
BRF:0
BRH:0
end_of_record
TN:
SF:src\resources\slayer\tasks\NieveTasks.ts
FNF:0
FNH:0
DA:1,6
DA:8,6
DA:10,6
DA:236,6
LF:4
LH:4
BRF:0
BRH:0
end_of_record
TN:
SF:src\resources\slayer\tasks\SpriaTasks.ts
FNF:0
FNH:0
DA:1,6
DA:6,6
DA:8,6
LF:3
LH:3
BRF:0
BRH:0
end_of_record
TN:
SF:src\resources\slayer\tasks\Tureal.ts
FNF:0
FNH:0
DA:1,6
DA:5,6
DA:7,6
DA:415,6
LF:4
LH:4
BRF:0
BRH:0
end_of_record
TN:
SF:src\resources\slayer\tasks\VannakaTasks.ts
FNF:0
FNH:0
DA:1,6
DA:8,6
DA:10,6
DA:236,6
LF:4
LH:4
BRF:0
BRH:0
end_of_record
